Running from: /home/swathireddy73/jenkins/jenkins.war
webroot: /home/swathireddy73/.jenkins/war
2026-01-29 18:44:38.428+0000 [id=1]	INFO	winstone.Logger#logInternal: Beginning extraction from war file
2026-01-29 18:44:38.585+0000 [id=1]	WARNING	o.e.j.ee9.nested.ContextHandler#setContextPath: Empty contextPath
2026-01-29 18:44:38.769+0000 [id=1]	INFO	org.eclipse.jetty.server.Server#doStart: jetty-12.1.5; built: 2025-12-03T22:18:24.732Z; git: 4905d09d7b6801e792d7b73946cf7b66e4be25d6; jvm 17.0.18+8-Debian-1deb12u1
2026-01-29 18:44:38.816+0000 [id=1]	INFO	org.eclipse.jetty.server.Server#doStop: Stopped oejs.Server@1f0f1111{STOPPING}[12.1.5,sto=0]
2026-01-29 18:44:38.817+0000 [id=1]	INFO	winstone.Logger#logInternal: Jetty shutdown successfully
java.io.IOException: Failed to start Jetty
	at Jenkins Main ClassLoader//winstone.Launcher.<init>(Launcher.java:197)
	at Jenkins Main ClassLoader//winstone.Launcher.main(Launcher.java:493)
	at java.base/jdk.internal.reflect.NativeMethodAccessorImpl.invoke0(Native Method)
	at java.base/jdk.internal.reflect.NativeMethodAccessorImpl.invoke(NativeMethodAccessorImpl.java:77)
	at java.base/jdk.internal.reflect.DelegatingMethodAccessorImpl.invoke(DelegatingMethodAccessorImpl.java:43)
	at java.base/java.lang.reflect.Method.invoke(Method.java:569)
	at executable.Main.main(Main.java:335)
Caused by: java.io.IOException: Failed to bind to 0.0.0.0/0.0.0.0:8080
	at Jenkins Main ClassLoader//org.eclipse.jetty.server.ServerConnector.openAcceptChannel(ServerConnector.java:349)
	at Jenkins Main ClassLoader//org.eclipse.jetty.server.ServerConnector.open(ServerConnector.java:313)
	at Jenkins Main ClassLoader//org.eclipse.jetty.server.Server.lambda$doStart$0(Server.java:617)
	at java.base/java.util.stream.ForEachOps$ForEachOp$OfRef.accept(ForEachOps.java:183)
	at java.base/java.util.stream.ReferencePipeline$3$1.accept(ReferencePipeline.java:197)
	at java.base/java.util.stream.ReferencePipeline$2$1.accept(ReferencePipeline.java:179)
	at java.base/java.util.Spliterators$ArraySpliterator.forEachRemaining(Spliterators.java:992)
	at java.base/java.util.stream.AbstractPipeline.copyInto(AbstractPipeline.java:509)
	at java.base/java.util.stream.AbstractPipeline.wrapAndCopyInto(AbstractPipeline.java:499)
	at java.base/java.util.stream.ForEachOps$ForEachOp.evaluateSequential(ForEachOps.java:150)
	at java.base/java.util.stream.ForEachOps$ForEachOp$OfRef.evaluateSequential(ForEachOps.java:173)
	at java.base/java.util.stream.AbstractPipeline.evaluate(AbstractPipeline.java:234)
	at java.base/java.util.stream.ReferencePipeline.forEach(ReferencePipeline.java:596)
	at Jenkins Main ClassLoader//org.eclipse.jetty.server.Server.doStart(Server.java:613)
	at Jenkins Main ClassLoader//org.eclipse.jetty.util.component.AbstractLifeCycle.start(AbstractLifeCycle.java:92)
	at Jenkins Main ClassLoader//winstone.Launcher.<init>(Launcher.java:193)
	... 6 more
Caused by: java.net.BindException: Address already in use
	at java.base/sun.nio.ch.Net.bind0(Native Method)
	at java.base/sun.nio.ch.Net.bind(Net.java:567)
	at java.base/sun.nio.ch.ServerSocketChannelImpl.netBind(ServerSocketChannelImpl.java:337)
	at java.base/sun.nio.ch.ServerSocketChannelImpl.bind(ServerSocketChannelImpl.java:294)
	at Jenkins Main ClassLoader//org.eclipse.jetty.server.ServerConnector.openAcceptChannel(ServerConnector.java:344)
	... 21 more
2026-01-29 18:44:38.820+0000 [id=1]	SEVERE	winstone.Logger#logInternal: Container startup failed
java.net.BindException: Address already in use
	at java.base/sun.nio.ch.Net.bind0(Native Method)
	at java.base/sun.nio.ch.Net.bind(Net.java:567)
	at java.base/sun.nio.ch.ServerSocketChannelImpl.netBind(ServerSocketChannelImpl.java:337)
	at java.base/sun.nio.ch.ServerSocketChannelImpl.bind(ServerSocketChannelImpl.java:294)
	at Jenkins Main ClassLoader//org.eclipse.jetty.server.ServerConnector.openAcceptChannel(ServerConnector.java:344)
Caused: java.io.IOException: Failed to bind to 0.0.0.0/0.0.0.0:8080
	at Jenkins Main ClassLoader//org.eclipse.jetty.server.ServerConnector.openAcceptChannel(ServerConnector.java:349)
	at Jenkins Main ClassLoader//org.eclipse.jetty.server.ServerConnector.open(ServerConnector.java:313)
	at Jenkins Main ClassLoader//org.eclipse.jetty.server.Server.lambda$doStart$0(Server.java:617)
	at java.base/java.util.stream.ForEachOps$ForEachOp$OfRef.accept(ForEachOps.java:183)
	at java.base/java.util.stream.ReferencePipeline$3$1.accept(ReferencePipeline.java:197)
	at java.base/java.util.stream.ReferencePipeline$2$1.accept(ReferencePipeline.java:179)
	at java.base/java.util.Spliterators$ArraySpliterator.forEachRemaining(Spliterators.java:992)
	at java.base/java.util.stream.AbstractPipeline.copyInto(AbstractPipeline.java:509)
	at java.base/java.util.stream.AbstractPipeline.wrapAndCopyInto(AbstractPipeline.java:499)
	at java.base/java.util.stream.ForEachOps$ForEachOp.evaluateSequential(ForEachOps.java:150)
	at java.base/java.util.stream.ForEachOps$ForEachOp$OfRef.evaluateSequential(ForEachOps.java:173)
	at java.base/java.util.stream.AbstractPipeline.evaluate(AbstractPipeline.java:234)
	at java.base/java.util.stream.ReferencePipeline.forEach(ReferencePipeline.java:596)
	at Jenkins Main ClassLoader//org.eclipse.jetty.server.Server.doStart(Server.java:613)
	at Jenkins Main ClassLoader//org.eclipse.jetty.util.component.AbstractLifeCycle.start(AbstractLifeCycle.java:92)
	at Jenkins Main ClassLoader//winstone.Launcher.<init>(Launcher.java:193)
Caused: java.io.IOException: Failed to start Jetty
	at Jenkins Main ClassLoader//winstone.Launcher.<init>(Launcher.java:197)
	at Jenkins Main ClassLoader//winstone.Launcher.main(Launcher.java:493)
	at java.base/jdk.internal.reflect.NativeMethodAccessorImpl.invoke0(Native Method)
	at java.base/jdk.internal.reflect.NativeMethodAccessorImpl.invoke(NativeMethodAccessorImpl.java:77)
	at java.base/jdk.internal.reflect.DelegatingMethodAccessorImpl.invoke(DelegatingMethodAccessorImpl.java:43)
	at java.base/java.lang.reflect.Method.invoke(Method.java:569)
	at executable.Main.main(Main.java:335)
